<?xml version="1.0" encoding="UTF-8"?>
<!-- Generated by org.testng.reporters.JUnitReportReporter -->
<testsuite hostname="LAPTOP-6UNNJK9Q" failures="0" tests="10" name="MainClass.FindingHospitalMainClass" time="119.930" errors="0" timestamp="25 Feb 2021 15:44:28 GMT" skipped="0">
  <testcase classname="MainClass.FindingHospitalMainClass" name="verifyHomePageTitle" time="4.025"/>
  <testcase classname="MainClass.FindingHospitalMainClass" name="city" time="1.075"/>
  <testcase classname="MainClass.FindingHospitalMainClass" name="searchhospital" time="5.485"/>
  <testcase classname="MainClass.FindingHospitalMainClass" name="rating" time="7.242"/>
  <testcase classname="MainClass.FindingHospitalMainClass" name="availability" time="7.210"/>
  <testcase classname="MainClass.FindingHospitalMainClass" name="filters" time="33.778"/>
  <testcase classname="MainClass.FindingHospitalMainClass" name="displayHospitalNames" time="14.523"/>
  <testcase classname="MainClass.FindingHospitalMainClass" name="click_Diagnosis" time="7.601"/>
  <testcase classname="MainClass.FindingHospitalMainClass" name="Top_cities" time="5.713"/>
  <testcase classname="MainClass.FindingHospitalMainClass" name="corporateWellness" time="33.278"/>
</testsuite> <!-- MainClass.FindingHospitalMainClass -->
