<?xml version="1.0" encoding="UTF-8"?>
<!-- Generated by org.testng.reporters.JUnitReportReporter -->
<testsuite hostname="LAPTOP-6UNNJK9Q" failures="0" tests="1" name="com.FindingHospital.testCases.HospitalSearch" time="4.014" errors="0" timestamp="28 Feb 2021 04:50:06 GMT" skipped="0">
  <testcase classname="com.FindingHospital.testCases.HospitalSearch" name="verifyHomePageTitle" time="4.014"/>
</testsuite> <!-- com.FindingHospital.testCases.HospitalSearch -->
